C:\USERS\CHRIS\DOCUMENTS\VISUAL STUDIO 2012\PROJECTS\PROJECT2\PROJECT2\X64\RELEASE\SOURCE.OBJ
C:\USERS\CHRIS\DOCUMENTS\VISUAL STUDIO 2012\PROJECTS\PROJECT2\PROJECT2\X64\RELEASE\D3DBASE.OBJ
C:\USERS\CHRIS\DOCUMENTS\VISUAL STUDIO 2012\PROJECTS\PROJECT2\PROJECT2\X64\RELEASE\VC110.PDB
C:\USERS\CHRIS\DOCUMENTS\VISUAL STUDIO 2012\PROJECTS\PROJECT2\PROJECT2\X64\RELEASE\TRIANGLEDEMO.OBJ
C:\USERS\CHRIS\DOCUMENTS\VISUAL STUDIO 2012\PROJECTS\PROJECT2\PROJECT2\X64\RELEASE\OBJREADER.OBJ
C:\USERS\CHRIS\DOCUMENTS\VISUAL STUDIO 2012\PROJECTS\RENDERER\PROJECT2\X64\RELEASE\RENDERER.OBJ
C:\USERS\CHRIS\DOCUMENTS\VISUAL STUDIO 2012\PROJECTS\RENDERER\PROJECT2\X64\RELEASE\SOURCE.OBJ
C:\USERS\CHRIS\DOCUMENTS\VISUAL STUDIO 2012\PROJECTS\RENDERER\PROJECT2\X64\RELEASE\OBJREADER.OBJ
C:\USERS\CHRIS\DOCUMENTS\VISUAL STUDIO 2012\PROJECTS\RENDERER\PROJECT2\X64\RELEASE\D3DBASE.OBJ
C:\USERS\CHRIS\DOCUMENTS\VISUAL STUDIO 2012\PROJECTS\RENDERER\PROJECT2\X64\RELEASE\VC110.PDB
C:\Users\Chris\Documents\Visual Studio 2012\Projects\Project2\x64\Release\PlainPixel.cso
C:\Users\Chris\Documents\Visual Studio 2012\Projects\Project2\x64\Release\PlainVert.cso
C:\Users\Chris\Documents\Visual Studio 2012\Projects\Renderer\x64\Release\PlainPixel.cso
C:\Users\Chris\Documents\Visual Studio 2012\Projects\Renderer\x64\Release\PlainVert.cso
C:\USERS\CHRIS\DOCUMENTS\VISUAL STUDIO 2012\PROJECTS\PROJECT2\X64\RELEASE\PLAINPIXEL.CSO
C:\USERS\CHRIS\DOCUMENTS\VISUAL STUDIO 2012\PROJECTS\PROJECT2\X64\RELEASE\PLAINVERT.CSO
C:\USERS\CHRIS\DOCUMENTS\VISUAL STUDIO 2012\PROJECTS\RENDERER\X64\RELEASE\PLAINPIXEL.CSO
C:\USERS\CHRIS\DOCUMENTS\VISUAL STUDIO 2012\PROJECTS\RENDERER\X64\RELEASE\PLAINVERT.CSO
C:\USERS\CHRIS\DOCUMENTS\VISUAL STUDIO 2012\PROJECTS\PROJECT2\X64\RELEASE\DIRECTX.EXE
C:\USERS\CHRIS\DOCUMENTS\VISUAL STUDIO 2012\PROJECTS\PROJECT2\X64\RELEASE\DIRECTX.PDB
C:\USERS\CHRIS\DOCUMENTS\VISUAL STUDIO 2012\PROJECTS\RENDERER\X64\RELEASE\DIRECTX.EXE
C:\USERS\CHRIS\DOCUMENTS\VISUAL STUDIO 2012\PROJECTS\RENDERER\X64\RELEASE\DIRECTX.PDB
C:\Users\Chris\Documents\Visual Studio 2012\Projects\Renderer\Project2\x64\Release\D3DBase.obj
C:\Users\Chris\Documents\Visual Studio 2012\Projects\Renderer\Project2\x64\Release\ObjReader.obj
C:\Users\Chris\Documents\Visual Studio 2012\Projects\Renderer\Project2\x64\Release\Renderer.obj
C:\Users\Chris\Documents\Visual Studio 2012\Projects\Renderer\Project2\x64\Release\Source.obj
C:\Users\Chris\Documents\Visual Studio 2012\Projects\Renderer\Project2\x64\Release\TriangleDemo.obj
C:\Users\Chris\Documents\Visual Studio 2012\Projects\Renderer\Project2\x64\Release\cl.command.1.tlog
C:\Users\Chris\Documents\Visual Studio 2012\Projects\Renderer\Project2\x64\Release\CL.read.1.tlog
C:\Users\Chris\Documents\Visual Studio 2012\Projects\Renderer\Project2\x64\Release\CL.write.1.tlog
C:\Users\Chris\Documents\Visual Studio 2012\Projects\Renderer\Project2\x64\Release\DirectX.write.1.tlog
C:\Users\Chris\Documents\Visual Studio 2012\Projects\Renderer\Project2\x64\Release\FXC.command.1.tlog
C:\Users\Chris\Documents\Visual Studio 2012\Projects\Renderer\Project2\x64\Release\fxc.read.1.tlog
C:\Users\Chris\Documents\Visual Studio 2012\Projects\Renderer\Project2\x64\Release\fxc.write.1.tlog
C:\Users\Chris\Documents\Visual Studio 2012\Projects\Renderer\Project2\x64\Release\link-cvtres.read.1.tlog
C:\Users\Chris\Documents\Visual Studio 2012\Projects\Renderer\Project2\x64\Release\link-cvtres.write.1.tlog
C:\Users\Chris\Documents\Visual Studio 2012\Projects\Renderer\Project2\x64\Release\link-rc.read.1.tlog
C:\Users\Chris\Documents\Visual Studio 2012\Projects\Renderer\Project2\x64\Release\link-rc.write.1.tlog
C:\Users\Chris\Documents\Visual Studio 2012\Projects\Renderer\Project2\x64\Release\link.command.1.tlog
C:\Users\Chris\Documents\Visual Studio 2012\Projects\Renderer\Project2\x64\Release\link.read.1.tlog
C:\Users\Chris\Documents\Visual Studio 2012\Projects\Renderer\Project2\x64\Release\link.write.1.tlog
C:\Users\Chris\Documents\Visual Studio 2012\Projects\Renderer\Project2\x64\Release\vc110.pdb
C:\Users\Chris\Documents\Visual Studio 2012\Projects\Renderer\x64\Release\DirectX.pdb
C:\Users\Chris\Documents\Visual Studio 2012\Projects\Renderer\x64\Release\DirectX.exe
