C:\USERS\CHRIS\DOCUMENTS\VISUAL STUDIO 2012\PROJECTS\PROJECT2\PROJECT2\X64\RELEASE\SOURCE.OBJ
C:\USERS\CHRIS\DOCUMENTS\VISUAL STUDIO 2012\PROJECTS\PROJECT2\PROJECT2\X64\RELEASE\D3DBASE.OBJ
C:\USERS\CHRIS\DOCUMENTS\VISUAL STUDIO 2012\PROJECTS\PROJECT2\PROJECT2\X64\RELEASE\BLANKDEMO.OBJ
C:\USERS\CHRIS\DOCUMENTS\VISUAL STUDIO 2012\PROJECTS\PROJECT2\PROJECT2\X64\RELEASE\VC110.PDB
C:\USERS\CHRIS\DOCUMENTS\VISUAL STUDIO 2012\PROJECTS\PROJECT2\X64\RELEASE\PROJECT2.EXE
C:\USERS\CHRIS\DOCUMENTS\VISUAL STUDIO 2012\PROJECTS\PROJECT2\X64\RELEASE\PROJECT2.PDB
c:\Users\Chris\documents\visual studio 2012\Projects\Project2\Project2\x64\Release\BlankDemo.obj
c:\Users\Chris\documents\visual studio 2012\Projects\Project2\Project2\x64\Release\D3DBase.obj
c:\Users\Chris\documents\visual studio 2012\Projects\Project2\Project2\x64\Release\Source.obj
c:\Users\Chris\documents\visual studio 2012\Projects\Project2\Project2\x64\Release\cl.command.1.tlog
c:\Users\Chris\documents\visual studio 2012\Projects\Project2\Project2\x64\Release\CL.read.1.tlog
c:\Users\Chris\documents\visual studio 2012\Projects\Project2\Project2\x64\Release\CL.write.1.tlog
c:\Users\Chris\documents\visual studio 2012\Projects\Project2\Project2\x64\Release\link-cvtres.read.1.tlog
c:\Users\Chris\documents\visual studio 2012\Projects\Project2\Project2\x64\Release\link-cvtres.write.1.tlog
c:\Users\Chris\documents\visual studio 2012\Projects\Project2\Project2\x64\Release\link-rc.read.1.tlog
c:\Users\Chris\documents\visual studio 2012\Projects\Project2\Project2\x64\Release\link-rc.write.1.tlog
c:\Users\Chris\documents\visual studio 2012\Projects\Project2\Project2\x64\Release\link.command.1.tlog
c:\Users\Chris\documents\visual studio 2012\Projects\Project2\Project2\x64\Release\link.read.1.tlog
c:\Users\Chris\documents\visual studio 2012\Projects\Project2\Project2\x64\Release\link.write.1.tlog
c:\Users\Chris\documents\visual studio 2012\Projects\Project2\Project2\x64\Release\vc110.pdb
c:\users\chris\documents\visual studio 2012\Projects\Project2\x64\Release\Project2.pdb
c:\users\chris\documents\visual studio 2012\Projects\Project2\x64\Release\Project2.exe
