C:\USERS\CHRIS\DOCUMENTS\VISUAL STUDIO 2012\PROJECTS\RENDERER\PROJECT2\X64\DEBUG\D3DBASE.OBJ
C:\USERS\CHRIS\DOCUMENTS\VISUAL STUDIO 2012\PROJECTS\RENDERER\PROJECT2\X64\DEBUG\OBJREADER.OBJ
C:\USERS\CHRIS\DOCUMENTS\VISUAL STUDIO 2012\PROJECTS\RENDERER\PROJECT2\X64\DEBUG\SOURCE.OBJ
C:\USERS\CHRIS\DOCUMENTS\VISUAL STUDIO 2012\PROJECTS\RENDERER\PROJECT2\X64\DEBUG\RENDERER.OBJ
C:\USERS\CHRIS\DOCUMENTS\VISUAL STUDIO 2012\PROJECTS\RENDERER\PROJECT2\X64\DEBUG\VC110.PDB
C:\Users\Chris\Documents\Visual Studio 2012\Projects\Renderer\x64\Debug\PlainPixel.cso
C:\Users\Chris\Documents\Visual Studio 2012\Projects\Renderer\x64\Debug\PlainVert.cso
C:\Users\Chris\Documents\Visual Studio 2012\Projects\Renderer\x64\Debug\PlaneVertexShader.cso
C:\Users\Chris\Documents\Visual Studio 2012\Projects\Renderer\x64\Debug\RedShader.cso
C:\USERS\CHRIS\DOCUMENTS\VISUAL STUDIO 2012\PROJECTS\RENDERER\X64\DEBUG\PLAINPIXEL.CSO
C:\USERS\CHRIS\DOCUMENTS\VISUAL STUDIO 2012\PROJECTS\RENDERER\X64\DEBUG\PLAINVERT.CSO
C:\USERS\CHRIS\DOCUMENTS\VISUAL STUDIO 2012\PROJECTS\RENDERER\X64\DEBUG\PLANEVERTEXSHADER.CSO
C:\USERS\CHRIS\DOCUMENTS\VISUAL STUDIO 2012\PROJECTS\RENDERER\X64\DEBUG\REDSHADER.CSO
C:\USERS\CHRIS\DOCUMENTS\VISUAL STUDIO 2012\PROJECTS\RENDERER\X64\DEBUG\DIRECTX.ILK
C:\USERS\CHRIS\DOCUMENTS\VISUAL STUDIO 2012\PROJECTS\RENDERER\X64\DEBUG\DIRECTX.EXE
C:\USERS\CHRIS\DOCUMENTS\VISUAL STUDIO 2012\PROJECTS\RENDERER\X64\DEBUG\DIRECTX.PDB
C:\Users\Chris\Documents\Visual Studio 2012\Projects\Renderer\Project2\x64\Debug\D3DBase.obj
C:\Users\Chris\Documents\Visual Studio 2012\Projects\Renderer\Project2\x64\Debug\ObjReader.obj
C:\Users\Chris\Documents\Visual Studio 2012\Projects\Renderer\Project2\x64\Debug\Renderer.obj
C:\Users\Chris\Documents\Visual Studio 2012\Projects\Renderer\Project2\x64\Debug\Source.obj
C:\Users\Chris\Documents\Visual Studio 2012\Projects\Renderer\Project2\x64\Debug\cl.command.1.tlog
C:\Users\Chris\Documents\Visual Studio 2012\Projects\Renderer\Project2\x64\Debug\CL.read.1.tlog
C:\Users\Chris\Documents\Visual Studio 2012\Projects\Renderer\Project2\x64\Debug\CL.write.1.tlog
C:\Users\Chris\Documents\Visual Studio 2012\Projects\Renderer\Project2\x64\Debug\DirectX.write.1.tlog
C:\Users\Chris\Documents\Visual Studio 2012\Projects\Renderer\Project2\x64\Debug\FXC.command.1.tlog
C:\Users\Chris\Documents\Visual Studio 2012\Projects\Renderer\Project2\x64\Debug\fxc.read.1.tlog
C:\Users\Chris\Documents\Visual Studio 2012\Projects\Renderer\Project2\x64\Debug\fxc.write.1.tlog
C:\Users\Chris\Documents\Visual Studio 2012\Projects\Renderer\Project2\x64\Debug\link-cvtres.read.1.tlog
C:\Users\Chris\Documents\Visual Studio 2012\Projects\Renderer\Project2\x64\Debug\link-cvtres.write.1.tlog
C:\Users\Chris\Documents\Visual Studio 2012\Projects\Renderer\Project2\x64\Debug\link-rc.read.1.tlog
C:\Users\Chris\Documents\Visual Studio 2012\Projects\Renderer\Project2\x64\Debug\link-rc.write.1.tlog
C:\Users\Chris\Documents\Visual Studio 2012\Projects\Renderer\Project2\x64\Debug\link.command.1.tlog
C:\Users\Chris\Documents\Visual Studio 2012\Projects\Renderer\Project2\x64\Debug\link.read.1.tlog
C:\Users\Chris\Documents\Visual Studio 2012\Projects\Renderer\Project2\x64\Debug\link.write.1.tlog
C:\Users\Chris\Documents\Visual Studio 2012\Projects\Renderer\Project2\x64\Debug\vc110.idb
C:\Users\Chris\Documents\Visual Studio 2012\Projects\Renderer\Project2\x64\Debug\vc110.pdb
C:\Users\Chris\Documents\Visual Studio 2012\Projects\Renderer\x64\Debug\DirectX.pdb
C:\Users\Chris\Documents\Visual Studio 2012\Projects\Renderer\x64\Debug\DirectX.exe
C:\Users\Chris\Documents\Visual Studio 2012\Projects\Renderer\x64\Debug\DirectX.ilk
